<?xml version="1.0" encoding="UTF-8"?>
<!-- Generated by org.testng.reporters.JUnitXMLReporter -->
<testsuite hostname="Pradeeps-MacBook-Pro.local" ignored="0" name="Default test" tests="6" failures="0" timestamp="05 Mar 2019 19:02:36 GMT" time="0.048" errors="0">
  <testcase name="IOSApps" time="0.01" classname="qaclickacademy.AppiumTest"/>
  <testcase name="NativeAppAndriod" time="0.001" classname="qaclickacademy.AppiumTest"/>
  <testcase name="deleteTwitter" time="0.002" classname="qaclickacademy.RESTAPITest"/>
  <testcase name="postJira" time="0.001" classname="qaclickacademy.RESTAPITest"/>
  <testcase name="BrowserAutomation" time="0.002" classname="qaclickacademy.SeleniumTest"/>
  <testcase name="elemntsUI" time="0.001" classname="qaclickacademy.SeleniumTest"/>
</testsuite> <!-- Default test -->
