<?xml version="1.0" encoding="UTF-8"?>
<!-- Generated by org.testng.reporters.JUnitXMLReporter -->
<testsuite hostname="Pradeeps-MacBook-Pro.local" ignored="0" name="Test" tests="6" failures="0" timestamp="05 Mar 2019 19:02:47 GMT" time="0.044" errors="0">
  <testcase name="BrowserAutomation" time="0.009" classname="qaclickacademy.SeleniumTest"/>
  <testcase name="elemntsUI" time="0.001" classname="qaclickacademy.SeleniumTest"/>
  <testcase name="deleteTwitter" time="0.001" classname="qaclickacademy.RESTAPITest"/>
  <testcase name="postJira" time="0.001" classname="qaclickacademy.RESTAPITest"/>
  <testcase name="IOSApps" time="0.001" classname="qaclickacademy.AppiumTest"/>
  <testcase name="NativeAppAndriod" time="0.001" classname="qaclickacademy.AppiumTest"/>
</testsuite> <!-- Test -->
