<?xml version="1.0" encoding="UTF-8"?>
<!-- Generated by org.testng.reporters.JUnitXMLReporter -->
<testsuite hostname="Pradeeps-MacBook-Pro.local" ignored="0" name="Test" tests="4" failures="0" timestamp="06 Mar 2019 15:39:49 GMT" time="0.025" errors="0">
  <testcase name="BrowserAutomation" time="0.005" classname="qaclickacademy.SeleniumTest"/>
  <testcase name="elemntsUI" time="0.0" classname="qaclickacademy.SeleniumTest"/>
  <testcase name="deleteTwitter" time="0.0" classname="qaclickacademy.RESTAPITest"/>
  <testcase name="postJira" time="0.0" classname="qaclickacademy.RESTAPITest"/>
</testsuite> <!-- Test -->
