<?xml version="1.0" encoding="UTF-8"?>
<testng-results skipped="0" failed="0" ignored="0" total="4" passed="4">
  <reporter-output>
  </reporter-output>
  <suite name="Suite" duration-ms="25" started-at="2019-03-06T15:39:49Z" finished-at="2019-03-06T15:39:49Z">
    <groups>
    </groups>
    <test name="Test" duration-ms="25" started-at="2019-03-06T15:39:49Z" finished-at="2019-03-06T15:39:49Z">
      <class name="qaclickacademy.RESTAPITest">
        <test-method status="PASS" signature="deleteTwitter()[pri:0, instance:qaclickacademy.RESTAPITest@3551a94]" name="deleteTwitter" duration-ms="0" started-at="2019-03-06T15:39:49Z" finished-at="2019-03-06T15:39:49Z">
          <reporter-output>
          </reporter-output>
        </test-method> <!-- deleteTwitter -->
        <test-method status="PASS" signature="postJira()[pri:0, instance:qaclickacademy.RESTAPITest@3551a94]" name="postJira" duration-ms="0" started-at="2019-03-06T15:39:49Z" finished-at="2019-03-06T15:39:49Z">
          <reporter-output>
          </reporter-output>
        </test-method> <!-- postJira -->
      </class> <!-- qaclickacademy.RESTAPITest -->
      <class name="qaclickacademy.SeleniumTest">
        <test-method status="PASS" signature="BrowserAutomation()[pri:0, instance:qaclickacademy.SeleniumTest@5a61f5df]" name="BrowserAutomation" duration-ms="5" started-at="2019-03-06T15:39:49Z" finished-at="2019-03-06T15:39:49Z">
          <reporter-output>
          </reporter-output>
        </test-method> <!-- BrowserAutomation -->
        <test-method status="PASS" signature="elemntsUI()[pri:0, instance:qaclickacademy.SeleniumTest@5a61f5df]" name="elemntsUI" duration-ms="0" started-at="2019-03-06T15:39:49Z" finished-at="2019-03-06T15:39:49Z">
          <reporter-output>
          </reporter-output>
        </test-method> <!-- elemntsUI -->
      </class> <!-- qaclickacademy.SeleniumTest -->
    </test> <!-- Test -->
  </suite> <!-- Suite -->
</testng-results>
